COMMAND   CODE  PARAM FUNCTION                    EXAMPLE    EXAMPLE
CLASS                                             COMMAND    RESPONSE

"Power", "PW", "ON", "POWER ON/STANDBY change", "PWON<CR>", "<-"
"Power", "PW", "STANDBY", "POWER ON/STANDBY change", "PWSTANDBY<CR>", "<-"
"Power", "PW", "?", "Return PW Status", "PW?<CR>", "<-"
"MAIN ZONE Control", "MV", "UP", "MASTER VOLUME UP/DOWN , direct change to **dB", "MVUP<CR>", "MV80<CR>"
"MAIN ZONE Control", "MV", "DOWN", "MASTER VOLUME UP/DOWN , direct change to **dB", "MVDOWN<CR>", "MV80<CR>"
"MAIN ZONE Control", "MV", "**", "**:00 to 98 by ASCII , 80=80(0dB), 00=0(---dB)(MIN)\n\nRefer to \"Volume_CMD\"sheet", "MV80<CR>", "<-"
"MAIN ZONE Control", "MV", "?", "Return MV Status", "MV?<CR>", "<-"
"MAIN ZONE Control", "CV", "FL UP", "CHANNEL VOLUME UP/DOWN , direct change to **dB", "CVFL UP<CR>", "CVFL 50<CR>"
"MAIN ZONE Control", "CV", "FL DOWN", "---FRONT Lch", "CVFL DOWN<CR>", "CVFL 50<CR>"
"MAIN ZONE Control", "CV", "FL **", "**:38 to 62 by ASCII , 50=0dB", "CVFL 50<CR>", "<-"
"MAIN ZONE Control", "CV", "FR UP", "**:38 to 62 by ASCII , 50=0dB", "CVFR UP<CR>", "CVFR 50<CR>"
"MAIN ZONE Control", "CV", "FR DOWN", "---FRONT Rch", "CVFR DOWN<CR>", "CVFR 50<CR>"
"MAIN ZONE Control", "CV", "FR **", "**:38 to 62 by ASCII , 50=0dB", "CVFR 50<CR>", "<-"
"MAIN ZONE Control", "CV", "C UP", "**:38 to 62 by ASCII , 50=0dB", "CVC UP<CR>", "CVC 50<CR>"
"MAIN ZONE Control", "CV", "C DOWN", "---CENTERch", "CVC DOWN<CR>", "CVC 50<CR>"
"MAIN ZONE Control", "CV", "C **", "**:38 to 62 by ASCII , 50=0dB", "CVC 50<CR>", "<-"
"MAIN ZONE Control", "CV", "SW UP", "**:38 to 62 by ASCII , 50=0dB", "CVSW UP<CR>", "CVSW 50<CR>"
"MAIN ZONE Control", "CV", "SW DOWN", "---SUBWOOFER ch", "CVSW DOWN<CR>", "CVSW 50<CR>"
"MAIN ZONE Control", "CV", "SW **", "**:00,38 to 62 by ASCII , 50=0dB,00=OFF", "CVSW 50<CR>", "<-"
"MAIN ZONE Control", "CV", "SL UP", "**:00,38 to 62 by ASCII , 50=0dB,00=OFF", "CVSL UP<CR>", "CVSL 50<CR>"
"MAIN ZONE Control", "CV", "SL DOWN", "---SURROUND Lch", "CVSL DOWN<CR>", "CVSL 50<CR>"
"MAIN ZONE Control", "CV", "SL **", "**:38 to 62 by ASCII , 50=0dB", "CVSL 50<CR>", "<-"
"MAIN ZONE Control", "CV", "SR UP", "**:38 to 62 by ASCII , 50=0dB", "CVSR UP<CR>", "CVSR 50<CR>"
"MAIN ZONE Control", "CV", "SR DOWN", "---SURROUND Rch", "CVSR DOWN<CR>", "CVSR 50<CR>"
"MAIN ZONE Control", "CV", "SR **", "**:38 to 62 by ASCII , 50=0dB", "CVSR 50<CR>", "<-"
"MAIN ZONE Control", "CV", "SBL UP", "---SURROUND BACK Lch (SBch 2SP)", "CVSBL UP<CR>", "CVSBL 50<CR>"
"MAIN ZONE Control", "CV", "SBL DOWN", "---SURROUND BACK Lch (SBch 2SP)", "CVSBL DOWN<CR>", "CVSBL 50<CR>"
"MAIN ZONE Control", "CV", "SBL **", "**:38 to 62 by ASCII , 50=0dB", "CVSBL 50<CR>", "<-"
"MAIN ZONE Control", "CV", "SBR UP", "---SURROUND BACK Rch (SBch 2SP)", "CVSBR UP<CR>", "CVSBR 50<CR>"
"MAIN ZONE Control", "CV", "SBR DOWN", "---SURROUND BACK Rch (SBch 2SP)", "CVSBR DOWN<CR>", "CVSBR 50<CR>"
"MAIN ZONE Control", "CV", "SBR **", "**:38 to 62 by ASCII , 50=0dB", "CVSBR 50<CR>", "<-"
"MAIN ZONE Control", "CV", "SB UP", "---SURROUND BACK ch      (SBch 1SP)", "CVSB UP<CR>", "CVSB 50<CR>"
"MAIN ZONE Control", "CV", "SB DOWN", "---SURROUND BACK ch      (SBch 1SP)", "CVSB DOWN<CR>", "CVSB 50<CR>"
"MAIN ZONE Control", "CV", "SB **", "**:38 to 62 by ASCII , 50=0dB", "CVSB 50<CR>", "<-"
"MAIN ZONE Control", "CV", "FHL UP", "---FRONT HEIGHT Lch", "CVFHL UP<CR>", "CVFHL 50"
"MAIN ZONE Control", "CV", "FHL DOWN", "---FRONT HEIGHT Lch", "CVFHL DOWN<CR>", "CVFHL 50"
"MAIN ZONE Control", "CV", "FHL **", "**:38 to 62 by ASCII , 50=0dB", "CVFHL 50<CR>", "<-"
"MAIN ZONE Control", "CV", "FHR UP", "---FRONT HEIGHT Rch", "CVFHR UP<CR>", "CVFHR 50"
"MAIN ZONE Control", "CV", "FHR DOWN", "---FRONT HEIGHT Rch", "CVFHR DOWN<CR>", "CVFHR 50"
"MAIN ZONE Control", "CV", "FHR **", "**:38 to 62 by ASCII , 50=0dB", "CVFHR 50<CR>", "<-"
"MAIN ZONE Control", "CV", "TFL UP", "---TOP FRONT Lch", "CVTFL UP<CR>", "CVTFL 50"
"MAIN ZONE Control", "CV", "TFL DOWN", "---TOP FRONT Lch", "CVTFL DOWN<CR>", "CVTFL 50"
"MAIN ZONE Control", "CV", "TFL **", "**:38 to 62 by ASCII , 50=0dB", "CVTFL 50<CR>", "<-"
"MAIN ZONE Control", "CV", "TFR UP", "---TOP FRONT Rch", "CVTFR UP<CR>", "CVTFR 50"
"MAIN ZONE Control", "CV", "TFR DOWN", "---TOP FRONT Rch", "CVTFR DOWN<CR>", "CVTFR 50"
"MAIN ZONE Control", "CV", "TFR **", "**:38 to 62 by ASCII , 50=0dB", "CVTFR 50<CR>", "<-"
"MAIN ZONE Control", "CV", "TML UP", "---TOP MIDDLE Lch", "CVTML UP<CR>", "CVTML 50"
"MAIN ZONE Control", "CV", "TML DOWN", "---TOP MIDDLE Lch", "CVTML DOWN<CR>", "CVTML 50"
"MAIN ZONE Control", "CV", "TML **", "**:38 to 62 by ASCII , 50=0dB", "CVTML 50<CR>", "<-"
"MAIN ZONE Control", "CV", "TMR UP", "---TOP MIDDLE Rch", "CVTMR UP<CR>", "CVTMR 50"
"MAIN ZONE Control", "CV", "TMR DOWN", "---TOP MIDDLE Rch", "CVTMR DOWN<CR>", "CVTMR 50"
"MAIN ZONE Control", "CV", "TMR **", "**:38 to 62 by ASCII , 50=0dB", "CVTMR 50<CR>", "<-"
"MAIN ZONE Control", "CV", "FDL UP", "---FRONT DOLBY Lch", "CVFDL UP<CR>", "CVFDL 50"
"MAIN ZONE Control", "CV", "FDL DOWN", "---FRONT DOLBY Lch", "CVFDL DOWN<CR>", "CVFDL 50"
"MAIN ZONE Control", "CV", "FDL **", "**:38 to 62 by ASCII , 50=0dB", "CVFDL 50<CR>", "<-"
"MAIN ZONE Control", "CV", "FDR UP", "---FRONT DOLBY Rch", "CVFDR UP<CR>", "CVFDR 50"
"MAIN ZONE Control", "CV", "FDR DOWN", "---FRONT DOLBY Rch", "CVFDR DOWN<CR>", "CVFDR 50"
"MAIN ZONE Control", "CV", "FDR **", "**:38 to 62 by ASCII , 50=0dB", "CVFDR 50<CR>", "<-"
"MAIN ZONE Control", "CV", "SDL UP", "---SURROUND DOLBY Lch", "CVSDL UP<CR>", "CVSDL 50"
"MAIN ZONE Control", "CV", "SDL DOWN", "---SURROUND DOLBY Lch", "CVSDL DOWN<CR>", "CVSDL 50"
"MAIN ZONE Control", "CV", "SDL **", "**:38 to 62 by ASCII , 50=0dB", "CVSDL 50<CR>", "<-"
"MAIN ZONE Control", "CV", "SDR UP", "---SURROUND DOLBY Rch", "CVSDR UP<CR>", "CVSDR 50"
"MAIN ZONE Control", "CV", "SDR DOWN", "---SURROUND DOLBY Rch", "CVSDR DOWN<CR>", "CVSDR 50"
"MAIN ZONE Control", "CV", "SDR **", "**:38 to 62 by ASCII , 50=0dB", "CVSDR 50<CR>", "<-"
"MAIN ZONE Control", "CV", "ZRL", "Reset all channel level to the factory defaults", "CVZRL<CR>", "CVFL 50<CR>\n:\n:\nCVEND<CR>"
"MAIN ZONE Control", "CV", "?", "Return CV Status", "CV?<CR>", "※Only the speaker which there is on the speaker configration replies\n(e.g.）\nCVFL 62<CR>\n:\n:\nCVEND<CR>　"
"MAIN ZONE Control", "MU", "ON", "OUTPUT MUTE ON/OFF change", "MUON<CR>", "<-"
"MAIN ZONE Control", "MU", "OFF", "OUTPUT MUTE ON/OFF change", "MUOFF<CR>", "<-"
"MAIN ZONE Control", "MU", "?", "Return MU Status", "MU?<CR>", "<-"
"MAIN ZONE Control", "MU", "TUNER", "Return MU Status", "SITUNER<CR>", "<-"
"MAIN ZONE Control", "MU", "DVD", "* X1300,S720:DVD/Blu-ray is selected", "SIDVD<CR>", "<-"
"MAIN ZONE Control", "MU", "BD", "---Blu-ray", "SIBD<CR>", "<-"
"MAIN ZONE Control", "MU", "TV", "---TV AUDIO", "SITV<CR>", "<-"
"MAIN ZONE Control", "MU", "SAT/CBL", "---CBL/SAT", "SISAT/CBL<CR>", "<-"
"MAIN ZONE Control", "MU", "MPLAY", "---MEDIA PLAYER", "SIMPLAY<CR>", "<-"
"MAIN ZONE Control", "MU", "GAME", "---MEDIA PLAYER", "SIGAME<CR>", "<-"
"MAIN ZONE Control", "MU", "NET", "* 2016 AVR: Online Music is selected", "SINET<CR>", "<-"
"MAIN ZONE Control", "MU", "PANDORA", "(North America model Only)", "SIPANDORA<CR>", "<-"
"MAIN ZONE Control", "MU", "SIRIUSXM", "(North America model Only)", "SISIRIUSXM<CR>", "<-"
"MAIN ZONE Control", "MU", "IRADIO", "(North America model Only)", "SIIRADIO<CR>", "<-"
"MAIN ZONE Control", "MU", "SERVER", "(North America model Only)", "SISERVER<CR>", "<-"
"MAIN ZONE Control", "MU", "FAVORITES", "(North America model Only)", "SIFAVORITES<CR>", "<-"
"MAIN ZONE Control", "MU", "AUX1", "* X1300,S720:AUX , Other:AUX1 is selected", "SIAUX1<CR>", "<-"
"MAIN ZONE Control", "MU", "BT", "---Bluetooth", "SIBT<CR>", "<-"
"MAIN ZONE Control", "MU", "USB/IPOD", "---Bluetooth", "SIUSB/IPOD<CR>", "<-"
"MAIN ZONE Control", "MU", "USB", "Select INPUT source iPod/USB and Start Playback", "SIUSB<CR>", "<-"
"MAIN ZONE Control", "MU", "IPD", "Select INPUT source iPod/USB and iPod DIRECT Start Playback", "SIIPD<CR>", "<-"
"MAIN ZONE Control", "MU", "IRP", "Select INPUT source Online Music and iRadio Recent Play", "SIIRP<CR>", "<-"
"MAIN ZONE Control", "MU", "FVP", "Select INPUT source Online Music and Favorites Play", "SIFVP<CR>", "<-"
"MAIN ZONE Control", "MU", "?", "Return SI Status", "SI?<CR>", "<-"
"MAIN ZONE Control", "ZM", "ON", "MAIN-ZONE ON/OFF change", "ZMON<CR>", "<-"
"MAIN ZONE Control", "ZM", "OFF", "MAIN-ZONE ON/OFF change", "ZMOFF<CR>", "<-"
"MAIN ZONE Control", "ZM", "?", "Return ZM Status", "ZM?<CR>", "<-"
"MAIN ZONE Control", "SD", "AUTO", "set AUTO mode", "SDAUTO<CR>", "<-"
"MAIN ZONE Control", "SD", "AUTO", "(Priority:HDMI>>DIGITAL>>ANALOG)", "SDAUTO<CR>", "<-"
"MAIN ZONE Control", "SD", "HDMI", "set force HDMI INPUT mode", "SDHDMI<CR>", "<-"
"MAIN ZONE Control", "SD", "DIGITAL", "set force DIGITAL INPUT mode", "SDDIGITAL<CR>", "<-"
"MAIN ZONE Control", "SD", "DIGITAL", "(Optical,Coaxial)", "SDDIGITAL<CR>", "<-"
"MAIN ZONE Control", "SD", "ANALOG", "set force ANALOG INPUT mode", "SDANALOG<CR>", "<-"
"MAIN ZONE Control", "SD", "?", "Return SD Status", "SD?<CR>", "<-"
"MAIN ZONE Control", "SD", "?", "Return SD Status", "SD?<CR>", "SDARC<CR>"
"MAIN ZONE Control", "SD", "?", "Return SD Status", "SD?<CR>", "SDNO<CR>"
"MAIN ZONE Control", "SV", "DVD", "VIDEO SELECT mode set to ON, and select source\n* X1300,S720:DVD/Blu-ray is selected", "SVDVD<CR>", "<-"
"MAIN ZONE Control", "SV", "BD", "VIDEO SELECT mode set to ON, and select source\n* X1300,S720:DVD/Blu-ray is selected", "SVBD<CR>", "<-"
"MAIN ZONE Control", "SV", "TV", "VIDEO SELECT mode set to ON, and select source\n* X1300,S720:DVD/Blu-ray is selected", "SVTV<CR>", "<-"
"MAIN ZONE Control", "SV", "SAT/CBL", "VIDEO SELECT mode set to ON, and select source\n* X1300,S720:DVD/Blu-ray is selected", "SVSAT/CBL<CR>", "<-"
"MAIN ZONE Control", "SV", "MPLAY", "VIDEO SELECT mode set to ON, and select source\n* X1300,S720:DVD/Blu-ray is selected", "SVMPLAY<CR>", "<-"
"MAIN ZONE Control", "SV", "GAME", "VIDEO SELECT mode set to ON, and select source\n* X1300,S720:DVD/Blu-ray is selected", "SVGAME<CR>", "<-"
"MAIN ZONE Control", "SV", "AUX1", "VIDEO SELECT mode set to ON, and select source\n* X1300,S720:DVD/Blu-ray is selected", "SVAUX1<CR>", "<-"
"MAIN ZONE Control", "SV", "ON", "VIDEO SELECT ON", "SVON<CR>", "<-"
"MAIN ZONE Control", "SV", "OFF", "VIDEO SELECT OFF", "SVOFF<CR>", "<-"
"MAIN ZONE Control", "SV", "?", "Return SV Status", "SV?<CR>", "SVDVD<CR>\nSVON<CR>"
"MAIN ZONE Control", "SLP", "OFF", "MAIN ZONE SLEEP　TIMER setting", "SLPOFF<CR>", "<-"
"MAIN ZONE Control", "SLP", "***", "***:001 to 120 by ASCII , 010=10min", "SLP120<CR>", "SLP120<CR>"
"MAIN ZONE Control", "SLP", "?", "Return SLP Status", "SLP?<CR>", "SLP120<CR>"
"MAIN ZONE Control", "STBY", "15M", "MAIN ZONE Auto Standby setting", "STBY15M<CR>", "<-"
"MAIN ZONE Control", "STBY", "30M", "MAIN ZONE Auto Standby setting", "STBY30M<CR>", "<-"
"MAIN ZONE Control", "STBY", "60M", "MAIN ZONE Auto Standby setting", "STBY60M<CR>", "<-"
"MAIN ZONE Control", "STBY", "OFF", "MAIN ZONE Auto Standby setting", "STBYOFF<CR>", "<-"
"MAIN ZONE Control", "STBY", "?", "Return STBY Status", "STBY?<CR>", "<-"
"MAIN ZONE Control", "ECO", "ON", "MAIN ZONE ECO mode setting", "ECOON<CR>", "<-"
"MAIN ZONE Control", "ECO", "AUTO", "MAIN ZONE ECO mode setting", "ECOAUTO<CR>", "<-"
"MAIN ZONE Control", "ECO", "OFF", "MAIN ZONE ECO mode setting", "ECOOFF<CR>", "<-"
"MAIN ZONE Control", "ECO", "?", "Return ECO Status", "ECO?<CR>", "<-"
"MAIN ZONE Control", "MS", "MOVIE", "Return ECO Status", "MSMOVIE<CR>", "<-"
"MAIN ZONE Control", "MS", "MUSIC", "Return ECO Status", "MSMUSIC<CR>", "<-"
"MAIN ZONE Control", "MS", "GAME", "Return ECO Status", "MSGAME<CR>", "<-"
"MAIN ZONE Control", "MS", "DIRECT", "Select SURROUND mode", "MSDIRECT<CR>", "<-"
"MAIN ZONE Control", "MS", "DIRECT", "Select SURROUND mode", "MSDIRECT<CR>", "MSDIRECT<CR>"
"MAIN ZONE Control", "MS", "DIRECT", "Select SURROUND mode", "MSDIRECT<CR>", "MSDSD DIRECT<CR>"
"MAIN ZONE Control", "MS", "STEREO", "Select SURROUND mode", "MSSTEREO<CR>", "MSSTEREO<CR>"
"MAIN ZONE Control", "MS", "AUTO", "Select SURROUND mode", "MSAUTO<CR>", "<-"
"MAIN ZONE Control", "MS", "DOLBY DIGITAL", "Select SURROUND mode", "MSDOLBY DIGITAL<CR>", "<-"
"MAIN ZONE Control", "MS", "DOLBY DIGITAL", "Select SURROUND mode", "MSDOLBY DIGITAL<CR>", "MSDOLBY SURROUND<CR>"
"MAIN ZONE Control", "MS", "DOLBY DIGITAL", "Select SURROUND mode", "MSDOLBY DIGITAL<CR>", "MSDOLBY ATMOS<CR>"
"MAIN ZONE Control", "MS", "DOLBY DIGITAL", "Select SURROUND mode", "MSDOLBY DIGITAL<CR>", "MSDOLBY DIGITAL<CR>"
"MAIN ZONE Control", "MS", "DOLBY DIGITAL", "Select SURROUND mode", "MSDOLBY DIGITAL<CR>", "MSDOLBY D+DS<CR>"
"MAIN ZONE Control", "MS", "DOLBY DIGITAL", "Select SURROUND mode", "MSDOLBY DIGITAL<CR>", "MSDTS SURROUND<CR>"
"MAIN ZONE Control", "MS", "DOLBY DIGITAL", "Select SURROUND mode", "MSDOLBY DIGITAL<CR>", "MSDTS ES DSCRT6.1<CR>"
"MAIN ZONE Control", "MS", "DOLBY DIGITAL", "Select SURROUND mode", "MSDOLBY DIGITAL<CR>", "MSDTS ES MTRX6.1<CR>"
"MAIN ZONE Control", "MS", "DOLBY DIGITAL", "Select SURROUND mode", "MSDOLBY DIGITAL<CR>", "MSDTS96/24<CR>"
"MAIN ZONE Control", "MS", "DOLBY DIGITAL", "Select SURROUND mode", "MSDOLBY DIGITAL<CR>", "MSDTS96 ES MTRX<CR>"
"MAIN ZONE Control", "MS", "DOLBY DIGITAL", "Select SURROUND mode", "MSDOLBY DIGITAL<CR>", "MSDTS+NEURAL:X"
"MAIN ZONE Control", "MS", "DOLBY DIGITAL", "Select SURROUND mode", "MSDOLBY DIGITAL<CR>", "MSDTS ES MTRX+NEURAL:X<CR>"
"MAIN ZONE Control", "MS", "DOLBY DIGITAL", "Select SURROUND mode", "MSDOLBY DIGITAL<CR>", "MSDTS ES DSCRT+NEURAL:X<CR>"
"MAIN ZONE Control", "MS", "DOLBY DIGITAL", "Select SURROUND mode", "MSDOLBY DIGITAL<CR>", "MSMULTI CH IN<CR>"
"MAIN ZONE Control", "MS", "DOLBY DIGITAL", "Select SURROUND mode", "MSDOLBY DIGITAL<CR>", "MSM CH IN+DS<CR>"
"MAIN ZONE Control", "MS", "DOLBY DIGITAL", "Select SURROUND mode", "MSDOLBY DIGITAL<CR>", "MSMULTI CH IN 7.1<CR>"
"MAIN ZONE Control", "MS", "DOLBY DIGITAL", "Select SURROUND mode", "MSDOLBY DIGITAL<CR>", "MSM CH IN+NEURAL:X<CR>"
"MAIN ZONE Control", "MS", "DOLBY DIGITAL", "Select SURROUND mode", "MSDOLBY DIGITAL<CR>", "MSDOLBY D+<CR>"
"MAIN ZONE Control", "MS", "DOLBY DIGITAL", "Select SURROUND mode", "MSDOLBY DIGITAL<CR>", "MSDOLBY D+ +DS<CR>"
"MAIN ZONE Control", "MS", "DOLBY DIGITAL", "Select SURROUND mode", "MSDOLBY DIGITAL<CR>", "MSDOLBY HD<CR>"
"MAIN ZONE Control", "MS", "DOLBY DIGITAL", "Select SURROUND mode", "MSDOLBY DIGITAL<CR>", "MSDOLBY HD+DS<CR>"
"MAIN ZONE Control", "MS", "DOLBY DIGITAL", "Select SURROUND mode", "MSDOLBY DIGITAL<CR>", "MSDTS HD<CR>"
"MAIN ZONE Control", "MS", "DOLBY DIGITAL", "Select SURROUND mode", "MSDOLBY DIGITAL<CR>", "MSDTS HD MSTR<CR>"
"MAIN ZONE Control", "MS", "DOLBY DIGITAL", "Select SURROUND mode", "MSDOLBY DIGITAL<CR>", "MSDTS HD+NEURAL:X<CR>"
"MAIN ZONE Control", "MS", "DOLBY DIGITAL", "Select SURROUND mode", "MSDOLBY DIGITAL<CR>", "MSDTS:X<CR>"
"MAIN ZONE Control", "MS", "DOLBY DIGITAL", "Select SURROUND mode", "MSDOLBY DIGITAL<CR>", "MSDTS:X MSTR<CR>"
"MAIN ZONE Control", "MS", "DOLBY DIGITAL", "Select SURROUND mode", "MSDOLBY DIGITAL<CR>", "MSDTS EXPRESS<CR>"
"MAIN ZONE Control", "MS", "DOLBY DIGITAL", "Select SURROUND mode", "MSDOLBY DIGITAL<CR>", "MSDTS ES 8CH DSCRT<CR>"
"MAIN ZONE Control", "MS", "DTS SURROUND", "Select SURROUND mode", "MSDTS SURROUND<CR>", "MSDTS ES 8CH DSCRT<CR>"
"MAIN ZONE Control", "MS", "DTS SURROUND", "Select SURROUND mode", "MSDTS SURROUND<CR>", "MSNEURAL:X<CR>"
"MAIN ZONE Control", "MS", "DTS SURROUND", "Select SURROUND mode", "MSDTS SURROUND<CR>", "MSDTS SURROUND<CR>"
"MAIN ZONE Control", "MS", "DTS SURROUND", "Select SURROUND mode", "MSDTS SURROUND<CR>", "MSDTS ES DSCRT6.1<CR>"
"MAIN ZONE Control", "MS", "DTS SURROUND", "Select SURROUND mode", "MSDTS SURROUND<CR>", "MSDTS ES MTRX6.1<CR>"
"MAIN ZONE Control", "MS", "DTS SURROUND", "Select SURROUND mode", "MSDTS SURROUND<CR>", "MSDTS96/24<CR>"
"MAIN ZONE Control", "MS", "DTS SURROUND", "Select SURROUND mode", "MSDTS SURROUND<CR>", "MSDTS96 ES MTRX<CR>"
"MAIN ZONE Control", "MS", "DTS SURROUND", "Select SURROUND mode", "MSDTS SURROUND<CR>", "MSDTS+NEURAL:X"
"MAIN ZONE Control", "MS", "DTS SURROUND", "Select SURROUND mode", "MSDTS SURROUND<CR>", "MSDTS ES MTRX+NEURAL:X<CR>"
"MAIN ZONE Control", "MS", "DTS SURROUND", "Select SURROUND mode", "MSDTS SURROUND<CR>", "MSDTS ES DSCRT+NEURAL:X<CR>"
"MAIN ZONE Control", "MS", "DTS SURROUND", "Select SURROUND mode", "MSDTS SURROUND<CR>", "MSDOLBY ATMOS<CR>"
"MAIN ZONE Control", "MS", "DTS SURROUND", "Select SURROUND mode", "MSDTS SURROUND<CR>", "MSDOLBY DIGITAL<CR>"
"MAIN ZONE Control", "MS", "DTS SURROUND", "Select SURROUND mode", "MSDTS SURROUND<CR>", "MSDOLBY D+DS<CR>"
"MAIN ZONE Control", "MS", "DTS SURROUND", "Select SURROUND mode", "MSDTS SURROUND<CR>", "MSMULTI CH IN<CR>"
"MAIN ZONE Control", "MS", "DTS SURROUND", "Select SURROUND mode", "MSDTS SURROUND<CR>", "MSM CH IN+DS<CR>"
"MAIN ZONE Control", "MS", "DTS SURROUND", "Select SURROUND mode", "MSDTS SURROUND<CR>", "MSMULTI CH IN 7.1<CR>"
"MAIN ZONE Control", "MS", "DTS SURROUND", "Select SURROUND mode", "MSDTS SURROUND<CR>", "MSM CH IN+NEURAL:X<CR>"
"MAIN ZONE Control", "MS", "DTS SURROUND", "Select SURROUND mode", "MSDTS SURROUND<CR>", "MSDOLBY D+<CR>"
"MAIN ZONE Control", "MS", "DTS SURROUND", "Select SURROUND mode", "MSDTS SURROUND<CR>", "MSDOLBY D+ +DS<CR>"
"MAIN ZONE Control", "MS", "DTS SURROUND", "Select SURROUND mode", "MSDTS SURROUND<CR>", "MSDOLBY HD<CR>"
"MAIN ZONE Control", "MS", "DTS SURROUND", "Select SURROUND mode", "MSDTS SURROUND<CR>", "MSDOLBY HD+DS<CR>"
"MAIN ZONE Control", "MS", "DTS SURROUND", "Select SURROUND mode", "MSDTS SURROUND<CR>", "MSDTS HD<CR>"
"MAIN ZONE Control", "MS", "DTS SURROUND", "Select SURROUND mode", "MSDTS SURROUND<CR>", "MSDTS HD MSTR<CR>"
"MAIN ZONE Control", "MS", "DTS SURROUND", "Select SURROUND mode", "MSDTS SURROUND<CR>", "MSDTS HD+NEURAL:X<CR>"
"MAIN ZONE Control", "MS", "DTS SURROUND", "Select SURROUND mode", "MSDTS SURROUND<CR>", "MSDTS:X<CR>"
"MAIN ZONE Control", "MS", "DTS SURROUND", "Select SURROUND mode", "MSDTS SURROUND<CR>", "MSDTS:X MSTR<CR>"
"MAIN ZONE Control", "MS", "DTS SURROUND", "Select SURROUND mode", "MSDTS SURROUND<CR>", "MSDTS EXPRESS<CR>"
"MAIN ZONE Control", "MS", "DTS SURROUND", "Select SURROUND mode", "MSDTS SURROUND<CR>", "MSDTS ES 8CH DSCRT<CR>"
"MAIN ZONE Control", "MS", "MCH STEREO", "Select SURROUND mode", "MSMCH STEREO<CR>", "MSMCH STEREO<CR>"
"MAIN ZONE Control", "MS", "ROCK ARENA", "Select SURROUND mode", "MSROCK ARENA<CR>", "<-"
"MAIN ZONE Control", "MS", "JAZZ CLUB", "Select SURROUND mode", "MSJAZZ CLUB<CR>", "<-"
"MAIN ZONE Control", "MS", "MONO MOVIE", "Select SURROUND mode", "MSMONO MOVIE<CR>", "<-"
"MAIN ZONE Control", "MS", "MATRIX", "Select SURROUND mode", "MSMATRIX<CR>", "<-"
"MAIN ZONE Control", "MS", "VIDEO GAME", "Select SURROUND mode", "MSVIDEO GAME<CR>", "<-"
"MAIN ZONE Control", "MS", "VIRTUAL", "Select SURROUND mode", "MSVIRTUAL<CR>", "<-"
"MAIN ZONE Control", "MS", "LEFT", "Select SURROUND mode", "MSLEFT<CR>", "MSSTEREO<CR>"
"MAIN ZONE Control", "MS", "RIGHT", "Select SURROUND mode", "MSRIGHT<CR>", "MSSTEREO<CR>"
"MAIN ZONE Control", "MS", "-", "during \"All Zone Stereo\" mode", "-", "MSALL ZONE STEREO<CR>"
"MAIN ZONE Control", "MS", "?", "Return MS Status", "MS?<CR>", "MSALL ZONE STEREO<CR>"
"MAIN ZONE Control", "MS", "QUICK1", "QUICK SELECT 1-5 MODE SELECT", "MSQUICK1<CR>", "<-"
"MAIN ZONE Control", "MS", "QUICK2", "QUICK SELECT 1-5 MODE SELECT", "MSQUICK2<CR>", "<-"
"MAIN ZONE Control", "MS", "QUICK3", "QUICK SELECT 1-5 MODE SELECT", "MSQUICK3<CR>", "<-"
"MAIN ZONE Control", "MS", "QUICK4", "QUICK SELECT 1-5 MODE SELECT", "MSQUICK4<CR>", "<-"
"MAIN ZONE Control", "MS", "QUICK5", "QUICK SELECT 1-5 MODE SELECT", "MSQUICK5<CR>", "<-"
"MAIN ZONE Control", "MS", "-", "QUICK SELECT 1-5 MODE SELECT", "-", "MSQUICK0<CR>"
"MAIN ZONE Control", "MS", "QUICK1 MEMORY　", "QUICK SELECT 1-5 MODE MEMORY", "MSQUICK1 MEMORY<CR>", "<-"
"MAIN ZONE Control", "MS", "QUICK2 MEMORY", "QUICK SELECT 1-5 MODE MEMORY", "MSQUICK2 MEMORY<CR>", "<-"
"MAIN ZONE Control", "MS", "QUICK3 MEMORY", "QUICK SELECT 1-5 MODE MEMORY", "MSQUICK3 MEMORY<CR>", "<-"
"MAIN ZONE Control", "MS", "QUCIK4 MEMORY", "QUICK SELECT 1-5 MODE MEMORY", "MSQUICK4 MEMORY<CR>", "<-"
"MAIN ZONE Control", "MS", "QUICK5 MEMORY", "QUICK SELECT 1-5 MODE MEMORY", "MSQUICK5 MEMORY<CR>", "<-"
"MAIN ZONE Control", "MS", "QUICK ?", "Return MSQUICK Status", "MSQUICK ?<CR>", "<-"
"MAIN ZONE Control", "MS", "AUDIO AMP", "Set HDMI AUDIO Output to AMP", "VSAUDIO AMP<CR>", "<-"
"MAIN ZONE Control", "MS", "AUDIO TV", "Set HDMI AUDIO Output to TV", "VSAUDIO TV<CR>", "<-"
"MAIN ZONE Control", "MS", "AUDIO ?", "Return VSAUDIO Status", "VSAUDIO ?<CR>", "<-"
"MAIN ZONE Control", "PS", "TONE CTRL ON", "PARAMETER setting", "PSTONE CTRL ON<CR>", "<-"
"MAIN ZONE Control", "PS", "TONE CTRL OFF", "TONE CONTROL ON/OFF", "PSTONE CTRL OFF<CR>", "<-"
"MAIN ZONE Control", "PS", "TONE CTRL ?", "Return PSTONE CONTROL Status", "PSTONE CTRL ?<CR>", "<-"
"MAIN ZONE Control", "PS", "BAS UP", "BASS UP/DOWN , direct change to **dB", "PSBAS UP<CR>", "PSBAS 50<CR>"
"MAIN ZONE Control", "PS", "BAS DOWN", "**:00 to 99 by ASCII , 50=0dB", "PSBAS DOWN<CR>", "PSBAS 50<CR>"
"MAIN ZONE Control", "PS", "BAS **", "---AVR can be operated from -6 to +6(44 to 56)", "PSBAS 50<CR>", "<-"
"MAIN ZONE Control", "PS", "BAS ?", "Return PSBAS Status", "PSBAS ?<CR>", "<-"
"MAIN ZONE Control", "PS", "TRE UP", "TREBLE UP/DOWN , direct change to **dB", "PSTRE UP<CR>", "PSTRE 50<CR>"
"MAIN ZONE Control", "PS", "TRE DOWN", "**:00 to 99 by ASCII , 50=0dB", "PSTRE DOWN<CR>", "PSTRE 50<CR>"
"MAIN ZONE Control", "PS", "TRE **", "---AVR can be operated from -6 to +6(44 to 56)", "PSTRE 50<CR>", "<-"
"MAIN ZONE Control", "PS", "TRE ?", "Return PSTRE Status", "PSTRE ?<CR>", "<-"
"MAIN ZONE Control", "PS", "DIL ON", "Dialog Level Adjust = ON", "PSDIL ON<CR>", "<-"
"MAIN ZONE Control", "PS", "DIL OFF", "Dialog Level Adjust = OFF", "PSDIL OFF<CR>", "<-"
"MAIN ZONE Control", "PS", "DIL UP", "Dialog Level Adjust = OFF", "PSDIL UP<CR>", "PSDIL 50<CR>"
"MAIN ZONE Control", "PS", "DIL DOWN", "---Dialog Level　Adjust", "PSDIL DOWN<CR>", "PSDIL 50<CR>"
"MAIN ZONE Control", "PS", "DIL **", "**:38 to 62 by ASCII , 50=0dB", "PSDIL 50<CR>", "<-"
"MAIN ZONE Control", "PS", "DIL ?", "Return DIL Status", "PSDIL ?<CR>", "PSDIL?<CR>\nPSDIL ON<CR>\nPSDIL 50<CR>"
"MAIN ZONE Control", "PS", "SWL ON", "Subwoofer Level Adjust = ON", "PSSWL ON<CR>", "<-"
"MAIN ZONE Control", "PS", "SWL OFF", "Subwoofer Level Adjust = OFF", "PSSWL OFF<CR>", "<-"
"MAIN ZONE Control", "PS", "SWL UP", "Subwoofer Level Adjust = OFF", "PSSWL UP<CR>", "PSSWL 50<CR>"
"MAIN ZONE Control", "PS", "SWL DOWN", "---SUBWOOFER(1)　Level　Adjust", "PSSWL DOWN<CR>", "PSSWL 50<CR>"
"MAIN ZONE Control", "PS", "SWL **", "**:00,38 to 62 by ASCII , 50=0dB", "PSSWL 50<CR>", "<-"
"MAIN ZONE Control", "PS", "SWL ?", "Return SWL Status", "PSSWL ?<CR>", "PSSWL ?<CR>\nPSSWL ON<CR>\nPSSWL 50<CR>\nPSSWL2 50<CR>\n※If SW2 is none,\"PSSWL2\" command is not output."
"MAIN ZONE Control", "PS", "CINEMA EQ.ON", "CINEMA EQ. ON/OFF", "PSCINEMA EQ.ON<CR>", "<-"
"MAIN ZONE Control", "PS", "CINEMA EQ.OFF", "CINEMA EQ. ON/OFF", "PSCINEMA EQ.OFF<CR>", "<-"
"MAIN ZONE Control", "PS", "CINEMA EQ. ?", "Return PSCINEMA EQ.Status", "PSCINEMA EQ. ?<CR>", "<-"
"MAIN ZONE Control", "PS", "PSLOM ON", "Loudness Management: ON", "PSLOM ON<CR>", "<-"
"MAIN ZONE Control", "PS", "PSLOM OFF", "Loudness Management: OFF", "PSLOM OFF<CR>", "<-"
"MAIN ZONE Control", "PS", "PSLOM ?", "Return PSLOM Status", "PSLOM ?<CR>", "<-"
"MAIN ZONE Control", "PS", "MULTEQ:AUDYSSEY", "MultEQ/MultEQ XT/MultEQ XT32 mode direct change", "PSMULTEQ:AUDYSSEY<CR>", "<-"
"MAIN ZONE Control", "PS", "MULTEQ:BYP.LR", "AUDYSSEY= Reference", "PSMULTEQ:BYP.LR<CR>", "<-"
"MAIN ZONE Control", "PS", "MULTEQ:FLAT", "BYP.LR= L/R Bypass", "PSMULTEQ:FLAT<CR>", "<-"
"MAIN ZONE Control", "PS", "MULTEQ:OFF", "BYP.LR= L/R Bypass", "PSMULTEQ:OFF<CR>", "<-"
"MAIN ZONE Control", "PS", "MULTEQ ?", "Return PSMULTEQ: Status", "PSMULTEQ: ?<CR>", "<-"
"MAIN ZONE Control", "PS", "DYNEQ ON", "Dynamic EQ = ON", "PSDYNEQ ON<CR>", "<-"
"MAIN ZONE Control", "PS", "DYNEQ OFF", "Dynamic EQ = OFF", "PSDYNEQ OFF<CR>", "<-"
"MAIN ZONE Control", "PS", "DYNEQ ?", "Return PSDYNEQ Status", "PSDYNEQ ?<CR>", "<-"
"MAIN ZONE Control", "PS", "REFLEV 0", "Reference Level Offset=0dB", "PSREFLEV 0<CR>", "<-"
"MAIN ZONE Control", "PS", "REFLEV 5", "Reference Level Offset=5dB", "PSREFLEV 5<CR>", "<-"
"MAIN ZONE Control", "PS", "REFLEV 10", "Reference Level Offset=10dB", "PSREFLEV 10<CR>", "<-"
"MAIN ZONE Control", "PS", "REFLEV 15", "Reference Level Offset=15dB", "PSREFLEV 15<CR>", "<-"
"MAIN ZONE Control", "PS", "REFREV ?", "Return PSREFLEV Status", "PSREFLEV ?<CR>", "<-"
"MAIN ZONE Control", "PS", "DYNVOL HEV", "Dynamic Volume = Heavy", "PSDYNVOL HEV<CR>", "<-"
"MAIN ZONE Control", "PS", "DYNVOL MED", "Dynamic Volume = Medium", "PSDYNVOL MED<CR>", "<-"
"MAIN ZONE Control", "PS", "DYNVOL LIT", "Dynamic Volume = Light", "PSDYNVOL LIT<CR>", "<-"
"MAIN ZONE Control", "PS", "DYNVOL OFF", "Dynamic Volume = OFF", "PSDYNVOL OFF<CR>", "<-"
"MAIN ZONE Control", "PS", "DYNVOL ?", "Return PSDYNVOL Status", "PSDYNVOL ?<CR>", "<-"
"MAIN ZONE Control", "PS", "GEQ ON", "Graphic EQ = ON", "PSGEQ ON<CR>", "<-"
"MAIN ZONE Control", "PS", "GEQ OFF", "Graphic EQ = OFF", "PSGEQ OFF<CR>", "<-"
"MAIN ZONE Control", "PS", "GEQ ?", "Return Graphic EQ Status", "PSGEQ ?<CR>", "<-"
"MAIN ZONE Control", "PS", "HEQ ON", "Headphone EQ = ON", "PSHEQ ON<CR>", "<-"
"MAIN ZONE Control", "PS", "HEQ OFF", "Headphone EQ = OFF", "PSHEQ OFF<CR>", "<-"
"MAIN ZONE Control", "PS", "HEQ ?", "Return Headphone EQ Status", "PSHEQ ?<CR>", "<-"
"MAIN ZONE Control", "PS", "DRC AUTO", "Dynamic Compression direct change", "PSDRC AUTO<CR>", "<-"
"MAIN ZONE Control", "PS", "DRC LOW", "Dynamic Compression direct change", "PSDRC LOW<CR>", "<-"
"MAIN ZONE Control", "PS", "DRC MID", "Dynamic Compression direct change", "PSDRC MID<CR>", "<-"
"MAIN ZONE Control", "PS", "DRC HI", "Dynamic Compression direct change", "PSDRC HI<CR>", "<-"
"MAIN ZONE Control", "PS", "DRC OFF", "Dynamic Compression direct change", "PSDRC OFF<CR>", "<-"
"MAIN ZONE Control", "PS", "DRC ?", "Return PSDRC Status", "PSDRC ?<CR>", "<-"
"MAIN ZONE Control", "PS", "DIC UP", "Dialog Control UP/DOWN , direct change to **dB", "PSDIC UP<CR>", "PSDIC 03<CR>"
"MAIN ZONE Control", "PS", "DIC DOWN", "**:00 to 99 by ASCII , 00=0", "PSDIC DOWN<CR>", "PSDIC 03<CR>"
"MAIN ZONE Control", "PS", "DIC **", "---AVR can be operated from 0 to 6", "PSDIC 03<CR>", "<-"
"MAIN ZONE Control", "PS", "DIC ?", "Return PSDIC Status", "PSDIC ?<CR>", "<-"
"MAIN ZONE Control", "PS", "LFE UP", "LFE UP/DOWN , direct change to **dB", "PSLEE UP<CR>", "PSLFE 10<CR>"
"MAIN ZONE Control", "PS", "LFE DOWN", "**:00 to 99 by ASCII , 00=0dB, 10=-10dB", "PSLFE DOWN<CR>", "PSLFE 10<CR>"
"MAIN ZONE Control", "PS", "LFE **", "---AVR can be operated from 0 to -10", "PSLFE 10<CR>", "<-"
"MAIN ZONE Control", "PS", "LFE ?", "Return PSLFE Status", "PSLFE ?<CR>", "<-"
"MAIN ZONE Control", "PS", "EFF UP", "EFFECT LEVEL direct change to **dB", "PSEFF UP<CR>", "PSEFF 10<CR>"
"MAIN ZONE Control", "PS", "EFF DOWN", "**:00 to 99 by ASCII , 00=0dB, 10=10dB", "PSEFF DOWN<CR>", "PSEFF 10<CR>"
"MAIN ZONE Control", "PS", "EFF **", "---AVR can be operated from 1 to 15", "PSEFF 10<CR>", "<-"
"MAIN ZONE Control", "PS", "EFF ?", "Return PSEFF Status", "PSEFF ?<CR>", "ex1（WIDE SCREEN mode)\nPSEFF ON<CR>\nPSEFF 10<CR>\nex2（except WIDE SCREEN mode)\nPSEFF 10<CR>"
"MAIN ZONE Control", "PS", "DEL UP", "DELAY UP/DOWN , direct change to ***dB", "PSDEL UP<CR>", "PSDEL 000<CR>"
"MAIN ZONE Control", "PS", "DEL DOWN", "***:000 to 999 by ASCII , 000=0ms, 300=300ms", "PSDEL DOWN<CR>", "PSDEL 000<CR>"
"MAIN ZONE Control", "PS", "DEL ***", "---AVR can be operated from 0 to 300", "PSDEL 000<CR>", "<-"
"MAIN ZONE Control", "PS", "DEL ***", "0-60ms:3ms/Step 　Over 60ms:10ms/Step", "PSDEL 000<CR>", "<-"
"MAIN ZONE Control", "PS", "DEL ?", "Return PSDEL Status", "PSDEL ?<CR>", "<-"
"MAIN ZONE Control", "PS", "CES ON", "CENTER SPREAD ON/OFF", "PSCES ON<CR>", "<-"
"MAIN ZONE Control", "PS", "CES OFF", "CENTER SPREAD ON/OFF", "PSCES OFF<CR>", "<-"
"MAIN ZONE Control", "PS", "CES ?", "Return PSCES Status", "PSCES ?<CR>", "<-"
"MAIN ZONE Control", "PS", "NEURAL ON", "Neural:X ON/OFF", "PSNEURAL ON<CR>", "<-"
"MAIN ZONE Control", "PS", "NEURAL OFF", "Neural:X ON/OFF", "PSNEURAL OFF<CR>", "<-"
"MAIN ZONE Control", "PS", "NEURAL ?", "Return PSNEURAL Status", "PSNEURAL ?<CR>", "<-"
"MAIN ZONE Control", "PS", "SWR ON", "SW ON/OFF", "PSSWR ON<CR>", "<-"
"MAIN ZONE Control", "PS", "SWR OFF", "※DIRECT,STEREO(2ch) mode", "PSSWR OFF<CR>", "<-"
"MAIN ZONE Control", "PS", "SWR ?", "Return PSSWR Status", "PSSWR ?<CR>", "<-"
"MAIN ZONE Control", "PS", "RSZ S", "ROOM SIZE direct change", "PSRSZ S<CR>", "<-"
"MAIN ZONE Control", "PS", "RSZ MS", "ROOM SIZE direct change", "PSRSZ MS<CR>", "<-"
"MAIN ZONE Control", "PS", "RSZ M", "ROOM SIZE direct change", "PSRSZ M<CR>", "<-"
"MAIN ZONE Control", "PS", "RSZ ML", "ROOM SIZE direct change", "PSRSZ ML<CR>", "<-"
"MAIN ZONE Control", "PS", "RSZ L", "ROOM SIZE direct change", "PSRSZ L<CR>", "<-"
"MAIN ZONE Control", "PS", "RSZ ?", "Return PSRSZ Status", "PSRSZ ?<CR>", "<-"
"MAIN ZONE Control", "PS", "DELAY UP", "AUDIO DELAY UP/DOWN , direct change to ***dB", "PSDELAY UP<CR>", "PSDELAY 200<CR>"
"MAIN ZONE Control", "PS", "DELAY DOWN", "***:000 to 999 by ASCII , 000=0ms, 200=200ms", "PSDELAY DOWN<CR>", "PSDELAY 200<CR>"
"MAIN ZONE Control", "PS", "DELAY ***", "---AVR can be operated from 0 to 500 (FY16)　", "PSDELAY 200<CR>", "<-"
"MAIN ZONE Control", "PS", "DELAY?", "Return PSDELAY Status", "PSDELAY ?<CR>", "<-"
"MAIN ZONE Control", "PS", "RSTR OFF", "AUDIO RESTORER direct change", "PSRSTR OFF<CR>", "<-"
"MAIN ZONE Control", "PS", "RSTR LOW", "RSTR LOW=MODE3", "PSRSTR LOW<CR>", "<-"
"MAIN ZONE Control", "PS", "RSTR MED", "RSTR MID=MODE2", "PSRSTR MED<CR>", "<-"
"MAIN ZONE Control", "PS", "RSTR HI", "RSTR HI=MODE1", "PSRSTR HI<CR>", "<-"
"MAIN ZONE Control", "PS", "RSTR ?", "Return PSRSTR Status", "PSRSTR ?<CR>", "<-"
"ZONE2 Control", "Z2", "SOURCE", "ZONE2 mode cancel （ZONE2 source is same as MAIN ZONE)", "Z2SOURCE<CR>", "<-"
"ZONE2 Control", "Z2", "TUNER", "ZONE2 mode cancel （ZONE2 source is same as MAIN ZONE)", "Z2TUNER<CR>", "<-"
"ZONE2 Control", "Z2", "DVD", "*X1300,S720:DVD/Blu-ray is selected", "Z2DVD<CR>", "<-"
"ZONE2 Control", "Z2", "BD", "*X1300,S720:DVD/Blu-ray is selected", "Z2BD<CR>", "<-"
"ZONE2 Control", "Z2", "TV", "*X1300,S720:DVD/Blu-ray is selected", "Z2TV<CR>", "<-"
"ZONE2 Control", "Z2", "SAT/CBL", "*X1300,S720:DVD/Blu-ray is selected", "Z2SAT/CBL<CR>", "<-"
"ZONE2 Control", "Z2", "MPLAY", "*X1300,S720:DVD/Blu-ray is selected", "Z2MPLAY<CR>", "<-"
"ZONE2 Control", "Z2", "GAME", "*X1300,S720:DVD/Blu-ray is selected", "Z2GAME<CR>", "<-"
"ZONE2 Control", "Z2", "NET", "* 2016 AVR: Online Music is selected", "Z2NET<CR>", "<-"
"ZONE2 Control", "Z2", "PANDORA", "(North America model Only)", "Z2PANDORA<CR>", "<-"
"ZONE2 Control", "Z2", "SIRIUSXM", "(North America model Only)", "Z2SIRIUSXM<CR>", "<-"
"ZONE2 Control", "Z2", "IRADIO", "(North America model Only)", "Z2IRADIO<CR>", "<-"
"ZONE2 Control", "Z2", "SERVER", "(North America model Only)", "Z2SERVER<CR>", "<-"
"ZONE2 Control", "Z2", "FAVORITES", "(North America model Only)", "Z2FAVORITES<CR>", "<-"
"ZONE2 Control", "Z2", "AUX1", "*X1300,S720:AUX , Other:AUX1 is selected", "Z2AUX1<CR>", "<-"
"ZONE2 Control", "Z2", "BT", "---Bluetooth", "Z2BT<CR>", "<-"
"ZONE2 Control", "Z2", "USB/IPOD", "---Bluetooth", "Z2USB/IPOD<CR>", "<-"
"ZONE2 Control", "Z2", "USB", "Select INPUT source iPod/USB and Start Playback", "Z2USB<CR>", "<-"
"ZONE2 Control", "Z2", "IPD", "Select INPUT source iPod/USB and iPod DIRECT Start Playback", "Z2IPD<CR>", "<-"
"ZONE2 Control", "Z2", "IRP", "Select INPUT source Online Music and iRadio Recent Play", "Z2IRP<CR>", "<-"
"ZONE2 Control", "Z2", "FVP", "Select INPUT source Online Music and Favorites Play", "Z2FVP<CR>", "<-"
"ZONE2 Control", "Z2", "QUICK1", "Z2 QUICK SELECT 1-5 MODE SELECT", "Z2QUICK1<CR>", "<-"
"ZONE2 Control", "Z2", "QUICK2", "Z2 QUICK SELECT 1-5 MODE SELECT", "Z2QUICK2<CR>", "<-"
"ZONE2 Control", "Z2", "QUICK3", "Z2 QUICK SELECT 1-5 MODE SELECT", "Z2QUICK3<CR>", "<-"
"ZONE2 Control", "Z2", "QUICK4", "Z2 QUICK SELECT 1-5 MODE SELECT", "Z2QUICK4<CR>", "<-"
"ZONE2 Control", "Z2", "QUICK5", "Z2 QUICK SELECT 1-5 MODE SELECT", "Z2QUICK5<CR>", "<-"
"ZONE2 Control", "Z2", "-", "Z2 QUICK SELECT 1-5 MODE SELECT", "-", "Z2QUICK0<CR>"
"ZONE2 Control", "Z2", "QUICK1 MEMORY　", "Z2 QUICK SELECT 1-5 MODE MEMORY", "Z2QUICK1 MEMORY<CR>", "<-"
"ZONE2 Control", "Z2", "QUICK2 MEMORY", "Z2 QUICK SELECT 1-5 MODE MEMORY", "Z2QUICK2 MEMORY<CR>", "<-"
"ZONE2 Control", "Z2", "QUICK3 MEMORY", "Z2 QUICK SELECT 1-5 MODE MEMORY", "Z2QUICK3 MEMORY<CR>", "<-"
"ZONE2 Control", "Z2", "QUCIK4 MEMORY", "Z2 QUICK SELECT 1-5 MODE MEMORY", "Z2QUICK4 MEMORY<CR>", "<-"
"ZONE2 Control", "Z2", "QUICK5 MEMORY", "Z2 QUICK SELECT 1-5 MODE MEMORY", "Z2QUICK5 MEMORY<CR>", "<-"
"ZONE2 Control", "Z2", "QUICK ?", "Return Z2QUICK Status", "Z2QUICK ?<CR>", "<-"
"ZONE2 Control", "Z2", "UP", "ZONE2 VOLUME UP/DOWN , direct change to **dB", "Z2UP<CR>", "Z280<CR>"
"ZONE2 Control", "Z2", "DOWN", "ZONE2 VOLUME UP/DOWN , direct change to **dB", "Z2DOWN<CR>", "Z280<CR>"
"ZONE2 Control", "Z2", "**", "**:00 to 98 by ASCII , 80=0dB, 00=---(MIN)", "Z280<CR>", "<-"
"ZONE2 Control", "Z2", "**", "Refer to Volume_CMD sheet", "Z280<CR>", "<-"
"ZONE2 Control", "Z2", "ON", "ZONE2 ON/OFF change", "Z2ON<CR>", "<-"
"ZONE2 Control", "Z2", "OFF", "ZONE2 ON/OFF change", "Z2OFF<CR>", "<-"
"ZONE2 Control", "Z2", "?", "Return Z2 Status", "Z2?<CR>", "<-"
"ZONE2 Control", "Z2", "?", "※If ZONE2 mode is selected, \"Z2\" status returns", "Z2?<CR>", "SRCD<CR>"
"ZONE2 Control", "Z2", "?", "※If REC mode is selected, \"SR\" status returns", "Z2?<CR>", "|"
"ZONE2 Control", "Z2", "?", "※If REC mode is selected, \"SR\" status returns", "Z2?<CR>", "SRUSB DIRECT<CR>"
"ZONE2 Control", "Z2", "?", "※If REC mode is selected, \"SR\" status returns", "Z2?<CR>", "SRIPOD DIRECT<CR>"
"ZONE2 Control", "Z2", "?", "※If REC mode is selected, \"SR\" status returns", "Z2?<CR>", "SRSOURCE<CR>"
"ZONE2 Control", "Z2MU", "ON", "ZONE2 OUTPUT MUTE ON/OFF change", "Z2MUON<CR>", "<-"
"ZONE2 Control", "Z2MU", "OFF", "ZONE2 OUTPUT MUTE ON/OFF change", "Z2MUOFF<CR>", "<-"
"ZONE2 Control", "Z2MU", "?", "Return Z2MU Status", "Z2MU?<CR>", "<-"
"ZONE2 Control", "Z2SLP", "OFF", "ZONE2 SLEEP　TIMER setting", "Z2SLPOFF<CR>", "<-"
"ZONE2 Control", "Z2SLP", "***", "***:001 to 120 by ASCII , 010=10min", "Z2SLP120<CR>", "<-"
"ZONE2 Control", "Z2SLP", "?", "Return SLP Status", "Z2SLP?<CR>", "<-"
"ZONE2 Control", "Z2STBY", "2H", "ZONE2 Auto Standby setting", "Z2STBY2H<CR>", "<-"
"ZONE2 Control", "Z2STBY", "4H", "ZONE2 Auto Standby setting", "Z2STBY4H<CR>", "<-"
"ZONE2 Control", "Z2STBY", "8H", "ZONE2 Auto Standby setting", "Z2STBY8H<CR>", "<-"
"ZONE2 Control", "Z2STBY", "OFF", "ZONE2 Auto Standby setting", "Z2STBYOFF<CR>", "<-"
"ZONE2 Control", "Z2STBY", "?", "Return Z2STBY Status", "Z2STBY?<CR>", "<-"
"Tuner Control", "TF", "ANUP", "TUNER Frequency UP/DOWN", "TFANUP<CR>", "TFAN105000<CR>"
"Tuner Control", "TF", "ANDOWN", "TUNER Frequency UP/DOWN", "TFANDOWN<CR>", "TFAN105000<CR>"
"Tuner Control", "TF", "AN******", "--- ****.** kHz at AM band (>050000 is AM.)", "TFAN105000<CR>", "<-"
"Tuner Control", "TF", "(6 digits)", "****.** MHz at FM band (<050000 is FM.)", "(1050.00kHz at AM)", "<-"
"Tuner Control", "TF", "AN?", "Return TF Status", "TFAN?<CR>", "<-"
"Tuner Control", "TP", "ANUP", "TUNER PRESET CH UP/DOWN , direct change to No.**", "TPANUP<CR>", "TPAN01<CR>"
"Tuner Control", "TP", "ANDOWN", "TUNER PRESET CH UP/DOWN , direct change to No.**", "TPANDOWN<CR>", "TPAN01<CR>"
"Tuner Control", "TP", "AN**(PRESET No.)", "**：01-56　 01=CH01,56=CH56", "TPAN01<CR>", "<-"
"Tuner Control", "TP", "AN**(PRESET No.)", "**：01-56　 01=CH01,56=CH56", "(PRESET No.”01”)", "<-"
"Tuner Control", "TP", "AN?", "Return TP Status", "TPAN?<CR>", "<-"
"Tuner Control", "TP", "AN?", "Return TP Status", "TPAN?<CR>", "TPANOFF<CR>"
"Tuner Control", "TP", "ANMEM", "TUNER PRESET MEMORY", "TPANMEM<CR>", "TPANMEM<CR>\n↓\nTPANUP<CR>\n or TPANDOWN<CR>\n or TPAN**<CR>\n↓\nTPANMEM<CR>"
"Tuner Control", "TP", "ANMEM**(PRESET No.)", "TUNER PRESET MEMORY", "TPANMEM01<CR>", "<-"
"Tuner Control", "TP", "ANMEM**(PRESET No.)", "**：01-56　 01=CH01,56=CH56", "TPANMEM01<CR>", "<-"
"Tuner Control", "TM", "ANMEM**(PRESET No.)", "TUNER BAND , MODE Select", "TPANMEM01<CR>", "<-"
"Tuner Control", "TM", "ANAM", "---Band set to AM", "TMANAM<CR>", "<-"
"Tuner Control", "TM", "ANFM", "---Band set to FM", "TMANFM<CR>", "<-"
"Tuner Control", "TM", "AN?", "Return TM Status", "TMAN?<CR>", "<-"
"Tuner Control", "TM", "ANAUTO", "---Tuning mode set to AUTO mode", "TMANAUTO<CR>", "<-"
"Tuner Control", "TM", "ANMANUAL", "---Tuning mode set to MANUAL mode", "TMANMANUAL<CR>", "<-"
"Control for Online Music, USB/iPod and Bluetooth", "NS", "90", "“Cursor Up” Control", "NS90<CR>", "※command only"
"Control for Online Music, USB/iPod and Bluetooth", "NS", "91", "“Cursor Down” Control", "NS91<CR>", "※command only"
"Control for Online Music, USB/iPod and Bluetooth", "NS", "92", "“Cursor Left” Control", "NS92<CR>", "※command only"
"Control for Online Music, USB/iPod and Bluetooth", "NS", "93", "“Cursor Right” Control", "NS93<CR>", "※command only"
"Control for Online Music, USB/iPod and Bluetooth", "NS", "94", "“Enter (Play/Pause)” Control", "NS94<CR>", "※command only"
"Control for Online Music, USB/iPod and Bluetooth", "NS", "9A", "“Play” Control", "NS9A<CR>", "※command only"
"Control for Online Music, USB/iPod and Bluetooth", "NS", "9B", "“Pause” Control", "NS9B<CR>", "※command only"
"Control for Online Music, USB/iPod and Bluetooth", "NS", "9C", "“Stop” Control", "NS9C<CR>", "※command only"
"Control for Online Music, USB/iPod and Bluetooth", "NS", "9D", "“Skip Plus” Control", "NS9D<CR>", "※command only"
"Control for Online Music, USB/iPod and Bluetooth", "NS", "9E", "“Skip Minus” Control", "NS9E<CR>", "※command only"
"Control for Online Music, USB/iPod and Bluetooth", "NS", "9F", "“Manual Search Plus” Control(USB/iPod,Media Server,Bluetooth)", "NS9F<CR>", "※command only"
"Control for Online Music, USB/iPod and Bluetooth", "NS", "9G", "“Manual Search Minus” Control(USB/iPod,Media Server,Bluetooth)", "NS9G<CR>", "※command only"
"Control for Online Music, USB/iPod and Bluetooth", "NS", "9H", "“Repeat One”　\n(Media Server,USB,iPod Direct,Bluetooth)", "NS9H<CR>", "※command only"
"Control for Online Music, USB/iPod and Bluetooth", "NS", "9I", "“Repeat All”\n(Media Server,USB,iPod Direct,Bluetooth)", "NS9I<CR>", "※command only"
"Control for Online Music, USB/iPod and Bluetooth", "NS", "9J", "“Repeat Off”\n(Media Server,USB,iPod Direct,Bluetooth)", "NS9J<CR>", "※command only"
"Control for Online Music, USB/iPod and Bluetooth", "NS", "9K", "“Random On”(Media Server,USB,Bluetooth)", "NS9K<CR>", "※command only"
"Control for Online Music, USB/iPod and Bluetooth", "NS", "9K", "“Shuffle Songs” Control (iPod Direct Only)", "NS9K<CR>", "※command only"
"Control for Online Music, USB/iPod and Bluetooth", "NS", "9M", "“Random Off”  (Media Server,USB,,Bluetooth)", "NS9M<CR>", "※command only"
"Control for Online Music, USB/iPod and Bluetooth", "NS", "9M", "“Shuffle Off” Control (iPod Direct)", "NS9M<CR>", "※command only"
"Control for Online Music, USB/iPod and Bluetooth", "NS", "9W", "Toggle Switch “From iPod Mode/On Screen Mode″Control", "NS9W<CR>", "※command only"
"Control for Online Music, USB/iPod and Bluetooth", "NS", "9W", "(iPod Direct only)", "NS9W<CR>", "※command only"
"Control for Online Music, USB/iPod and Bluetooth", "NS", "9X", "“Page Next”　Control (except Bluetooth, AirPlay, Spotify remote)", "NS9X<CR>", "※command only"
"Control for Online Music, USB/iPod and Bluetooth", "NS", "9Y", "“Page Previous” Control (except Bluetooth, AirPlay, Spotify remote)", "NS9Y<CR>", "※command only"
"Control for Online Music, USB/iPod and Bluetooth", "NS", "9Z", "“Manual Search STOP” Control(USB/iPod,Media Server,Bluetooth)", "NS9Z<CR>", "※command only"
"Control for Online Music, USB/iPod and Bluetooth", "NS", "RPT", "“Repeat(toggle)”\n(Media Server,USB,iPod Direct,Spotify,AirPlay,Bluetooth)", "NSRPT<CR>", "※command only"
"Control for Online Music, USB/iPod and Bluetooth", "NS", "RND", "“Random(toggle)\"\n(Media Server,USB,iPod Direct,Spotify,AirPlay,Bluetooth)", "NSRND<CR>", "※command only"
"Control for Online Music, USB/iPod and Bluetooth", "NS", "B**", "Preset Call (except Bluetooth, USB/iPod)", "NSB00<CR>", "※command only"
"Control for Online Music, USB/iPod and Bluetooth", "NS", "(PRESET No.)", "**：00-55 → 00-35(2014 AVR)", "NSB00<CR>", "※command only"
"Control for Online Music, USB/iPod and Bluetooth", "NS", "C**", "Preset Memory (except Bluetooth, USB/iPod)", "NSC00<CR>", "NSC00<CR>"
"Control for Online Music, USB/iPod and Bluetooth", "NS", "(PRESET No.)", "**：00-55 → 00-35(2014 AVR)", "NSC00<CR>", "NSCOK<CR>"
"Control for Online Music, USB/iPod and Bluetooth", "NS", "H", "Net Audio Preset Name status（UTF-8）(except Bluetooth, USB/iPod)", "NSH<CR>", "NSH<CR>\n(Return)\nNSH00**********(20 digits)<CR>(Preset Name：01)\nNSH01**********(20 digits)<CR>(Preset Name：02)\n          ～\nNSH35**********(20 digits)<CR>(Preset Name：36)"
"Control for Online Music, USB/iPod and Bluetooth", "NS", "FV MEM", "Add Favorites folder", "NSFV MEM<CR>", "NSH<CR>\n(Return)\nNSH00**********(20 digits)<CR>(Preset Name：01)\nNSH01**********(20 digits)<CR>(Preset Name：02)\n          ～\nNSH35**********(20 digits)<CR>(Preset Name：36)"
"Control for Online Music, USB/iPod and Bluetooth", "NSA", "FV MEM", "Return Onscreen Display Information List", "NSA<CR>", "NSH<CR>\n(Return)\nNSH00**********(20 digits)<CR>(Preset Name：01)\nNSH01**********(20 digits)<CR>(Preset Name：02)\n          ～\nNSH35**********(20 digits)<CR>(Preset Name：36)"
"Control for Online Music, USB/iPod and Bluetooth", "NSA", "FV MEM", "(ASCII CODE Character)\n*ASCII Character(MAX96byte)\n_:Null\n?: Don't Care (The character after Null should be disregarded)\n※:Cursor&Playable Information Data(1byte)\nBit1:Playable Music =1\nBit2:Directory\nBit3:Don't Care\nBit4:CURSOR SELECT=1\nBit7:Picture\nBit5,6,8:Don't Care\n************_???:MAX 96byte", "(Return NSA0-NSA8）", "NSA0<CR>\n(Return)\nNSA0**********************_???(96byte)<CR>\nNSA1※(Flag1byte)*********_???(95byte)<CR>\nNSA2※(Flag1byte)*********_???(95byte)<CR>\nNSA3※(Flag1byte)*********_???(95byte)<CR>\nNSA4※(Flag1byte)*********_???(95byte)<CR>\nNSA5※(Flag1byte)*********_???(95byte)<CR>\nNSA6※(Flag1byte)*********_???(95byte)<CR>\nNSA7※(Flag1byte)*********_???(96byte)<CR>\nNSE8   [    1/10   ]_????????(96byte)<CR>"
"Control for Online Music, USB/iPod and Bluetooth", "NSA", "FV MEM", "(ASCII CODE Character)\n*ASCII Character(MAX96byte)\n_:Null\n?: Don't Care (The character after Null should be disregarded)\n※:Cursor&Playable Information Data(1byte)\nBit1:Playable Music =1\nBit2:Directory\nBit3:Don't Care\nBit4:CURSOR SELECT=1\nBit7:Picture\nBit5,6,8:Don't Care\n************_???:MAX 96byte", "(example)", "NSA0Now Playing  USB_??????<CR>\nNSA1※Song_????????????????<CR>\nNSA2※/Artist_?????????????<CR>\nNSA3※bitrate_?????????????<CR>\nNSA4※Album_???????????????<CR>\nNSA5※   00:11     100%_???<CR>\nNSA6_??????????????????????<CR>\nNSA7_??????????????????????<CR>\nNSA8   [    1/10   ]_??????<CR>\n\nBT playback\nNSANow Playing_???????<CR>\nNSA1※Title_??????????????????<CR>\nNSA2※Artist_?????????????????<CR>\nNSA3※??????????????????????<CR>\nNSA4※Album_????????????????<CR>\nNSA5_????????????????????????<CR>\nNSA6_????????????????????????<CR>\nNSA7_????????????????????????<CR>\nNSA8   [    1/1    ]"
"Control for Online Music, USB/iPod and Bluetooth", "NSE", "FV MEM", "Request Onscreen Display Information List", "NSE<CR>", "NSA0Now Playing  USB_??????<CR>\nNSA1※Song_????????????????<CR>\nNSA2※/Artist_?????????????<CR>\nNSA3※bitrate_?????????????<CR>\nNSA4※Album_???????????????<CR>\nNSA5※   00:11     100%_???<CR>\nNSA6_??????????????????????<CR>\nNSA7_??????????????????????<CR>\nNSA8   [    1/10   ]_??????<CR>\n\nBT playback\nNSANow Playing_???????<CR>\nNSA1※Title_??????????????????<CR>\nNSA2※Artist_?????????????????<CR>\nNSA3※??????????????????????<CR>\nNSA4※Album_????????????????<CR>\nNSA5_????????????????????????<CR>\nNSA6_????????????????????????<CR>\nNSA7_????????????????????????<CR>\nNSA8   [    1/1    ]"
"Control for Online Music, USB/iPod and Bluetooth", "NSE", "FV MEM", "(UTF-8 CODE Character)\n*UTF-8 Character(MAX96byte)\n_:Null\n?: Don't Care (The character after Null should be disregarded)\n※:Cursor&Playable Information Data(1byte)\nBit1:Playable Music =1\nBit2:Directory\nBit3:Don't Care\nBit4:CURSOR SELECT=1\nBit7:Picture\nBit5,6,8:Don't Care\n************_???:MAX 96byte", "(Return NSE0-NSE8）", "NSE0<CR>\n(Return)\nNSE0**********************_???(96byte)<CR>\nNSE1※(Flag1byte)*********_???(95byte)<CR>\nNSE2※(Flag1byte)*********_???(95byte)<CR>\nNSE3※(Flag1byte)*********_???(95byte)<CR>\nNSE4※(Flag1byte)*********_???(95byte)<CR>\nNSE5※(Flag1byte)*********_???(95byte)<CR>\nNSE6※(Flag1byte)*********_???(95byte)<CR>\nNSE7※(Flag1byte)*********_???(96byte)<CR>\nNSE8   [    1/10   ]_????????(96byte)<CR>"
"Control for Online Music, USB/iPod and Bluetooth", "NSE", "FV MEM", "(UTF-8 CODE Character)\n*UTF-8 Character(MAX96byte)\n_:Null\n?: Don't Care (The character after Null should be disregarded)\n※:Cursor&Playable Information Data(1byte)\nBit1:Playable Music =1\nBit2:Directory\nBit3:Don't Care\nBit4:CURSOR SELECT=1\nBit7:Picture\nBit5,6,8:Don't Care\n************_???:MAX 96byte", "(example)", "NSE0Now Playing  USB_??????<CR>\nNSE1※Song_????????????????<CR>\nNSE2※Artist_??????????????<CR>\nNSE3※_????????????????????<CR>\nNSE4※Album_???????????????<CR>\nNSE5※   00:11     100%_???<CR>\nNSE6_??????????????????????<CR>\nNSE7_??????????????????????<CR>\nNSE8   [    1/10   ]_??????<CR>\n\nBluetooth playback\nNSENow Playing _???????<CR>\nNSE1※Title_??????????????????<CR>\nNSE2※Artist_?????????????????<CR>\nNSE3※?????????????????????????<CR>\nNSE4※Album_??????????????????<CR>\nNSE5_?????????????????????????<CR>\nNSE6_?????????????????????????<CR>\nNSE7_?????????????????????????<CR>\nNSE8   [    1/1    ]"
"System Control", "MN", "CUP", "“Cursor Up” Control", "MNCUP<CR>", "※command only"
"System Control", "MN", "CDN", "“Cursor Down” Control", "MNCDN<CR>", "※command only"
"System Control", "MN", "CLT", "“Cursor Left” Control", "MNCLT<CR>", "※command only"
"System Control", "MN", "CRT", "“Cursor Right” Control", "MNCRT<CR>", "※command only"
"System Control", "MN", "ENT", "“Enter” Control", "MNENT<CR>", "※command only"
"System Control", "MN", "RTN", "“RETURN” Control", "MNRTN<CR>", "※command only"
"System Control", "MN", "OPT", "“OPTION” Control", "MNOPT<CR>", "※command only"
"System Control", "MN", "INF", "“INFO”Control", "MNINF<CR>", "※command only"
"System Control", "MN", "CHL", "“Channel Level Adjust”menu on/offControl", "MNCHL<CR>", "※command only"
"System Control", "MN", "MEN ON", "“Setup Menu ON” Control", "MNMEN ON<CR>", "<-"
"System Control", "MN", "MEN OFF", "“Setup Menu OFF” Control", "MNMEN OFF<CR>", "<-"
"System Control", "MN", "MEN?", "Return MNMEN(Menu) status", "MNMEN?<CR>", "<-"
"System Control", "MN", "MEN?", "Return MNMEN(Menu) status", "MNMEN?<CR>", "MNMEN ON<CR>"
"System Control", "MN", "MEN?", "Return MNMEN(Menu) status", "MNMEN?<CR>", "MNMEN OFF<CR>"
"System Control", "MN", "ZST ON", "\"All Zone Stereo\" direct Control", "MNZST ON<CR>", "<-"
"System Control", "MN", "ZST OFF", "\"All Zone Stereo\" direct Control", "MNZST OFF<CR>", "<-"
"System Control", "MN", "ZST?<CR>", "Return MNZST status", "MNZST?<CR>", "<-"
"System Control", "MN", "ZST?<CR>", "Return MNZST status", "MNZST?<CR>", "MNZST ON<CR>"
"System Control", "MN", "ZST?<CR>", "Return MNZST status", "MNZST?<CR>", "MNZST OFF<CR>"
"System Control", "SY", "REMOTE LOCK ON", "REMOTE CONTROL LOCK ON/OFF", "SYREMOTE LOCK ON<CR>", "<-"
"System Control", "SY", "REMOTE LOCK OFF", "REMOTE CONTROL LOCK ON/OFF", "SYREMOTE LOCK OFF<CR>", "<-"
"System Control", "SY", "PANEL LOCK ON", "PANEL BUTTON(Except MASTER VOL.)CONTROL LOCK ON", "SYPANEL LOCK ON<CR>", "<-"
"System Control", "SY", "PANEL+V LOCK ON", "PANEL BUTTON & MASTER VOL. CONTROL LOCK ON", "SYPANEL+V LOCK ON<CR>", "<-"
"System Control", "SY", "PANEL LOCK OFF", "PANEL BUTTON & MASTER VOL. CONTROL LOCK OFF", "SYPANEL LOCK OFF<CR>", "<-"
"System Control", "UG", "IDN", "ID Number for UPGRADE is displayed on FL Display\n************:12-digit ID Number", "UGIDN<CR>", "<-"
"System Control", "UG", "IDN", "ID Number for UPGRADE is displayed on FL Display\n************:12-digit ID Number", "UGIDN<CR>", "UGIDN ************<CR>"
"System Control", "UG", "IDN", "ID Number for UPGRADE is displayed on FL Display\n************:12-digit ID Number", "UGIDN<CR>", "UGIDN NG<CR>"
"System Control", "DIM", "BRI", "Dimmer = Bright", "DIM　BRI<CR>", "<-"
"System Control", "DIM", "DIM", "Dimmer = Dim", "DIM　DIM<CR>", "<-"
"System Control", "DIM", "DAR", "Dimmer = Dark", "DIM　DAR<CR>", "<-"
"System Control", "DIM", "OFF", "Dimmer = Off", "DIM　OFF<CR>", "<-"
"System Control", "DIM", "SEL", "Dimmer setting select(Toggle) Bright→Dim→Dark→Off", "DIM　SEL<CR>", "<-"
"System Control", "DIM", "?", "Return DIM Status", "DIM　?<CR>", "<-"
